walletlens_source/source/app/build/intermediates/manifest_merge_blame_file/release/processReleaseMainManifest/manifest-merger-blame-release-report.txt
1<?xml version="1.0" encoding="utf-8"?>
2<!--
3    Copyright 2019 Google Inc. All Rights Reserved.
4
5     Licensed under the Apache License, Version 2.0 (the "License");
6     you may not use this file except in compliance with the License.
7     You may obtain a copy of the License at
8
9         http://www.apache.org/licenses/LICENSE-2.0
10
11     Unless required by applicable law or agreed to in writing, software
12     distributed under the License is distributed on an "AS IS" BASIS,
13     WITHOUT WARRANTIES OR CONDITIONS OF ANY KIND, either express or implied.
14     See the License for the specific language governing permissions and
15     limitations under the License.
16-->
17<!--
18 The "package" attribute is rewritten by the Gradle build with the value of applicationId.
19     It is still required here, as it is used to derive paths, for instance when referring
20     to an Activity by ".MyActivity" instead of the full name. If more Activities are added to the
21     application, the package attribute will need to reflect the correct path in order to use
22     the abbreviated format.
23-->
24<manifest xmlns:android="http://schemas.android.com/apk/res/android"
25    package="live.walletlens.twa"
26    android:versionCode="3"
27    android:versionName="1.2.0" >
28
29    <uses-sdk
30        android:minSdkVersion="23"
31        android:targetSdkVersion="35" />
32
33    <uses-permission android:name="android.permission.POST_NOTIFICATIONS" />
33-->src/main/AndroidManifest.xml:26:9-80
33-->src/main/AndroidManifest.xml:26:26-78
34
35    <queries>
35-->[com.google.androidbrowserhelper:androidbrowserhelper:2.6.2] AndroidManifest.xml:22:5-30:15
36        <intent>
36-->[com.google.androidbrowserhelper:androidbrowserhelper:2.6.2] AndroidManifest.xml:23:9-29:18
37            <action android:name="android.intent.action.VIEW" />
37-->src/main/AndroidManifest.xml:148:17-68
37-->src/main/AndroidManifest.xml:148:25-66
38
39            <category android:name="android.intent.category.BROWSABLE" />
39-->src/main/AndroidManifest.xml:150:17-77
39-->src/main/AndroidManifest.xml:150:27-75
40
41            <data android:scheme="https" />
41-->src/main/AndroidManifest.xml:151:17-154:19
41-->src/main/AndroidManifest.xml:151:23-45
42        </intent>
43    </queries>
44
45    <uses-permission android:name="android.permission.WAKE_LOCK" />
45-->[androidx.work:work-runtime:2.10.0] AndroidManifest.xml:23:5-68
45-->[androidx.work:work-runtime:2.10.0] AndroidManifest.xml:23:22-65
46    <uses-permission android:name="android.permission.ACCESS_NETWORK_STATE" />
46-->[androidx.work:work-runtime:2.10.0] AndroidManifest.xml:24:5-79
46-->[androidx.work:work-runtime:2.10.0] AndroidManifest.xml:24:22-76
47    <uses-permission android:name="android.permission.RECEIVE_BOOT_COMPLETED" />
47-->[androidx.work:work-runtime:2.10.0] AndroidManifest.xml:25:5-81
47-->[androidx.work:work-runtime:2.10.0] AndroidManifest.xml:25:22-78
48    <uses-permission android:name="android.permission.FOREGROUND_SERVICE" />
48-->[androidx.work:work-runtime:2.10.0] AndroidManifest.xml:26:5-77
48-->[androidx.work:work-runtime:2.10.0] AndroidManifest.xml:26:22-74
49    <uses-permission android:name="android.permission.INTERNET" />
49-->[com.google.android.gms:play-services-measurement-api:22.3.0] AndroidManifest.xml:22:5-67
49-->[com.google.android.gms:play-services-measurement-api:22.3.0] AndroidManifest.xml:22:22-64
50    <uses-permission android:name="com.google.android.gms.permission.AD_ID" />
50-->[com.google.android.gms:play-services-measurement-api:22.3.0] AndroidManifest.xml:25:5-79
50-->[com.google.android.gms:play-services-measurement-api:22.3.0] AndroidManifest.xml:25:22-76
51    <uses-permission android:name="android.permission.ACCESS_ADSERVICES_ATTRIBUTION" />
51-->[com.google.android.gms:play-services-measurement-api:22.3.0] AndroidManifest.xml:26:5-88
51-->[com.google.android.gms:play-services-measurement-api:22.3.0] AndroidManifest.xml:26:22-85
52    <uses-permission android:name="android.permission.ACCESS_ADSERVICES_AD_ID" />
52-->[com.google.android.gms:play-services-measurement-api:22.3.0] AndroidManifest.xml:27:5-82
52-->[com.google.android.gms:play-services-measurement-api:22.3.0] AndroidManifest.xml:27:22-79
53    <uses-permission android:name="com.google.android.finsky.permission.BIND_GET_INSTALL_REFERRER_SERVICE" />
53-->[com.google.android.gms:play-services-measurement:22.3.0] AndroidManifest.xml:26:5-110
53-->[com.google.android.gms:play-services-measurement:22.3.0] AndroidManifest.xml:26:22-107
54
55    <permission
55-->[androidx.core:core:1.13.0] AndroidManifest.xml:22:5-24:47
56        android:name="live.walletlens.twa.DYNAMIC_RECEIVER_NOT_EXPORTED_PERMISSION"
56-->[androidx.core:core:1.13.0] AndroidManifest.xml:23:9-81
57        android:protectionLevel="signature" />
57-->[androidx.core:core:1.13.0] AndroidManifest.xml:24:9-44
58
59    <uses-permission android:name="live.walletlens.twa.DYNAMIC_RECEIVER_NOT_EXPORTED_PERMISSION" />
59-->[androidx.core:core:1.13.0] AndroidManifest.xml:26:5-97
59-->[androidx.core:core:1.13.0] AndroidManifest.xml:26:22-94
60
61    <application
61-->src/main/AndroidManifest.xml:35:5-199:19
62        android:name="live.walletlens.twa.Application"
62-->src/main/AndroidManifest.xml:36:9-35
63        android:allowBackup="true"
63-->src/main/AndroidManifest.xml:37:9-35
64        android:appComponentFactory="androidx.core.app.CoreComponentFactory"
64-->[androidx.core:core:1.13.0] AndroidManifest.xml:28:18-86
65        android:extractNativeLibs="false"
66        android:icon="@mipmap/ic_launcher"
66-->src/main/AndroidManifest.xml:38:9-43
67        android:label="@string/appName"
67-->src/main/AndroidManifest.xml:39:9-40
68        android:manageSpaceActivity="com.google.androidbrowserhelper.trusted.ManageDataLauncherActivity"
68-->src/main/AndroidManifest.xml:41:9-105
69        android:supportsRtl="true"
69-->src/main/AndroidManifest.xml:43:9-35
70        android:theme="@android:style/Theme.Translucent.NoTitleBar" >
70-->src/main/AndroidManifest.xml:44:9-68
71        <meta-data
71-->src/main/AndroidManifest.xml:46:9-48:58
72            android:name="asset_statements"
72-->src/main/AndroidManifest.xml:47:13-44
73            android:resource="@string/assetStatements" />
73-->src/main/AndroidManifest.xml:48:13-55
74        <meta-data
74-->src/main/AndroidManifest.xml:51:13-53:58
75            android:name="web_manifest_url"
75-->src/main/AndroidManifest.xml:52:17-48
76            android:value="@string/webManifestUrl" />
76-->src/main/AndroidManifest.xml:53:17-55
77        <meta-data
77-->src/main/AndroidManifest.xml:56:9-58:52
78            android:name="twa_generator"
78-->src/main/AndroidManifest.xml:57:13-41
79            android:value="@string/generatorApp" />
79-->src/main/AndroidManifest.xml:58:13-49
80
81        <activity
81-->src/main/AndroidManifest.xml:65:13-76:24
82            android:name="com.google.androidbrowserhelper.trusted.ManageDataLauncherActivity"
82-->src/main/AndroidManifest.xml:65:23-104
83            android:enabled="true"
83-->src/main/AndroidManifest.xml:67:17-39
84            android:excludeFromRecents="true"
84-->src/main/AndroidManifest.xml:68:17-50
85            android:exported="false" >
85-->src/main/AndroidManifest.xml:66:17-41
86            <meta-data
86-->src/main/AndroidManifest.xml:69:17-71:57
87                android:name="android.support.customtabs.trusted.MANAGE_SPACE_URL"
87-->src/main/AndroidManifest.xml:70:21-87
88                android:value="@string/launchUrl" />
88-->src/main/AndroidManifest.xml:71:21-54
89
90            <intent-filter>
90-->src/main/AndroidManifest.xml:72:17-75:33
91                <action android:name="android.intent.action.APPLICATION_PREFERENCES" />
91-->src/main/AndroidManifest.xml:73:21-92
91-->src/main/AndroidManifest.xml:73:29-89
92
93                <category android:name="android.intent.category.DEFAULT" />
93-->src/main/AndroidManifest.xml:74:21-80
93-->src/main/AndroidManifest.xml:74:31-77
94            </intent-filter>
95        </activity>
96        <activity
96-->src/main/AndroidManifest.xml:79:9-160:20
97            android:name="live.walletlens.twa.LauncherActivity"
97-->src/main/AndroidManifest.xml:79:19-50
98            android:alwaysRetainTaskState="true"
98-->src/main/AndroidManifest.xml:80:13-49
99            android:exported="true"
99-->src/main/AndroidManifest.xml:82:13-36
100            android:label="@string/launcherName" >
100-->src/main/AndroidManifest.xml:81:13-49
101            <meta-data
101-->src/main/AndroidManifest.xml:83:13-84:53
102                android:name="android.support.customtabs.trusted.DEFAULT_URL"
102-->src/main/AndroidManifest.xml:83:24-85
103                android:value="@string/launchUrl" />
103-->src/main/AndroidManifest.xml:84:17-50
104            <meta-data
104-->src/main/AndroidManifest.xml:86:13-88:58
105                android:name="android.support.customtabs.trusted.STATUS_BAR_COLOR"
105-->src/main/AndroidManifest.xml:87:17-83
106                android:resource="@color/colorPrimary" />
106-->src/main/AndroidManifest.xml:88:17-55
107            <meta-data
107-->src/main/AndroidManifest.xml:92:13-94:62
108                android:name="android.support.customtabs.trusted.STATUS_BAR_COLOR_DARK"
108-->src/main/AndroidManifest.xml:93:17-88
109                android:resource="@color/colorPrimaryDark" />
109-->src/main/AndroidManifest.xml:94:17-59
110            <meta-data
110-->src/main/AndroidManifest.xml:96:13-98:61
111                android:name="android.support.customtabs.trusted.NAVIGATION_BAR_COLOR"
111-->src/main/AndroidManifest.xml:97:17-87
112                android:resource="@color/navigationColor" />
112-->src/main/AndroidManifest.xml:98:17-58
113            <meta-data
113-->src/main/AndroidManifest.xml:100:13-102:65
114                android:name="android.support.customtabs.trusted.NAVIGATION_BAR_COLOR_DARK"
114-->src/main/AndroidManifest.xml:101:17-92
115                android:resource="@color/navigationColorDark" />
115-->src/main/AndroidManifest.xml:102:17-62
116            <meta-data
116-->src/main/AndroidManifest.xml:104:13-106:68
117                android:name="androix.browser.trusted.NAVIGATION_BAR_DIVIDER_COLOR"
117-->src/main/AndroidManifest.xml:105:17-84
118                android:resource="@color/navigationDividerColor" />
118-->src/main/AndroidManifest.xml:106:17-65
119            <meta-data
119-->src/main/AndroidManifest.xml:108:13-110:72
120                android:name="androix.browser.trusted.NAVIGATION_BAR_DIVIDER_COLOR_DARK"
120-->src/main/AndroidManifest.xml:109:17-89
121                android:resource="@color/navigationDividerColorDark" />
121-->src/main/AndroidManifest.xml:110:17-69
122            <meta-data
122-->src/main/AndroidManifest.xml:112:13-113:54
123                android:name="android.support.customtabs.trusted.SPLASH_IMAGE_DRAWABLE"
123-->src/main/AndroidManifest.xml:112:24-95
124                android:resource="@drawable/splash" />
124-->src/main/AndroidManifest.xml:113:17-52
125            <meta-data
125-->src/main/AndroidManifest.xml:115:13-116:60
126                android:name="android.support.customtabs.trusted.SPLASH_SCREEN_BACKGROUND_COLOR"
126-->src/main/AndroidManifest.xml:115:24-104
127                android:resource="@color/backgroundColor" />
127-->src/main/AndroidManifest.xml:116:17-58
128            <meta-data
128-->src/main/AndroidManifest.xml:118:13-119:71
129                android:name="android.support.customtabs.trusted.SPLASH_SCREEN_FADE_OUT_DURATION"
129-->src/main/AndroidManifest.xml:118:24-105
130                android:value="@integer/splashScreenFadeOutDuration" />
130-->src/main/AndroidManifest.xml:119:17-69
131            <meta-data
131-->src/main/AndroidManifest.xml:121:13-122:60
132                android:name="android.support.customtabs.trusted.FILE_PROVIDER_AUTHORITY"
132-->src/main/AndroidManifest.xml:121:24-97
133                android:value="@string/providerAuthority" />
133-->src/main/AndroidManifest.xml:122:17-58
134            <meta-data
134-->src/main/AndroidManifest.xml:124:13-97
135                android:name="android.app.shortcuts"
135-->src/main/AndroidManifest.xml:124:24-60
136                android:resource="@xml/shortcuts" />
136-->src/main/AndroidManifest.xml:124:61-94
137            <meta-data
137-->src/main/AndroidManifest.xml:126:13-127:56
138                android:name="android.support.customtabs.trusted.FALLBACK_STRATEGY"
138-->src/main/AndroidManifest.xml:126:24-91
139                android:value="@string/fallbackType" />
139-->src/main/AndroidManifest.xml:127:17-53
140            <meta-data
140-->src/main/AndroidManifest.xml:133:13-134:54
141                android:name="android.support.customtabs.trusted.SCREEN_ORIENTATION"
141-->src/main/AndroidManifest.xml:133:24-92
142                android:value="@string/orientation" />
142-->src/main/AndroidManifest.xml:134:17-52
143
144            <intent-filter>
144-->src/main/AndroidManifest.xml:142:13-145:29
145                <action android:name="android.intent.action.MAIN" />
145-->src/main/AndroidManifest.xml:143:17-69
145-->src/main/AndroidManifest.xml:143:25-66
146
147                <category android:name="android.intent.category.LAUNCHER" />
147-->src/main/AndroidManifest.xml:144:17-77
147-->src/main/AndroidManifest.xml:144:27-74
148            </intent-filter>
149            <intent-filter android:autoVerify="true" >
149-->src/main/AndroidManifest.xml:147:13-155:29
149-->src/main/AndroidManifest.xml:147:28-53
150                <action android:name="android.intent.action.VIEW" />
150-->src/main/AndroidManifest.xml:148:17-68
150-->src/main/AndroidManifest.xml:148:25-66
151
152                <category android:name="android.intent.category.DEFAULT" />
152-->src/main/AndroidManifest.xml:74:21-80
152-->src/main/AndroidManifest.xml:74:31-77
153                <category android:name="android.intent.category.BROWSABLE" />
153-->src/main/AndroidManifest.xml:150:17-77
153-->src/main/AndroidManifest.xml:150:27-75
154
155                <data
155-->src/main/AndroidManifest.xml:151:17-154:19
156                    android:host="@string/hostName"
156-->src/main/AndroidManifest.xml:152:21-52
157                    android:scheme="https" />
157-->src/main/AndroidManifest.xml:151:23-45
158            </intent-filter>
159        </activity>
160        <activity android:name="com.google.androidbrowserhelper.trusted.FocusActivity" />
160-->src/main/AndroidManifest.xml:162:9-90
160-->src/main/AndroidManifest.xml:162:19-87
161        <activity
161-->src/main/AndroidManifest.xml:164:9-165:62
162            android:name="com.google.androidbrowserhelper.trusted.WebViewFallbackActivity"
162-->src/main/AndroidManifest.xml:164:19-97
163            android:configChanges="orientation|screenSize" />
163-->src/main/AndroidManifest.xml:165:13-59
164
165        <provider
165-->src/main/AndroidManifest.xml:167:9-175:20
166            android:name="androidx.core.content.FileProvider"
166-->src/main/AndroidManifest.xml:168:13-62
167            android:authorities="@string/providerAuthority"
167-->src/main/AndroidManifest.xml:169:13-60
168            android:exported="false"
168-->src/main/AndroidManifest.xml:171:13-37
169            android:grantUriPermissions="true" >
169-->src/main/AndroidManifest.xml:170:13-47
170            <meta-data
170-->src/main/AndroidManifest.xml:172:13-174:53
171                android:name="android.support.FILE_PROVIDER_PATHS"
171-->src/main/AndroidManifest.xml:173:17-67
172                android:resource="@xml/filepaths" />
172-->src/main/AndroidManifest.xml:174:17-50
173        </provider>
174
175        <service
175-->src/main/AndroidManifest.xml:177:9-192:19
176            android:name="live.walletlens.twa.DelegationService"
176-->src/main/AndroidManifest.xml:178:13-46
177            android:enabled="@bool/enableNotification"
177-->src/main/AndroidManifest.xml:179:13-55
178            android:exported="@bool/enableNotification" >
178-->src/main/AndroidManifest.xml:180:13-56
179            <meta-data
179-->src/main/AndroidManifest.xml:183:17-185:73
180                android:name="android.support.customtabs.trusted.SMALL_ICON"
180-->src/main/AndroidManifest.xml:184:21-81
181                android:resource="@drawable/ic_notification_icon" />
181-->src/main/AndroidManifest.xml:185:21-70
182
183            <intent-filter>
183-->src/main/AndroidManifest.xml:188:13-191:29
184                <action android:name="android.support.customtabs.trusted.TRUSTED_WEB_ACTIVITY_SERVICE" />
184-->src/main/AndroidManifest.xml:189:17-105
184-->src/main/AndroidManifest.xml:189:25-103
185
186                <category android:name="android.intent.category.DEFAULT" />
186-->src/main/AndroidManifest.xml:74:21-80
186-->src/main/AndroidManifest.xml:74:31-77
187            </intent-filter>
188        </service>
189
190        <activity android:name="com.google.androidbrowserhelper.trusted.NotificationPermissionRequestActivity" />
190-->src/main/AndroidManifest.xml:195:13-118
190-->src/main/AndroidManifest.xml:195:23-115
191
192        <provider
192-->[androidx.work:work-runtime:2.10.0] AndroidManifest.xml:29:9-37:20
193            android:name="androidx.startup.InitializationProvider"
193-->[androidx.work:work-runtime:2.10.0] AndroidManifest.xml:30:13-67
194            android:authorities="live.walletlens.twa.androidx-startup"
194-->[androidx.work:work-runtime:2.10.0] AndroidManifest.xml:31:13-68
195            android:exported="false" >
195-->[androidx.work:work-runtime:2.10.0] AndroidManifest.xml:32:13-37
196            <meta-data
196-->[androidx.work:work-runtime:2.10.0] AndroidManifest.xml:34:13-36:52
197                android:name="androidx.work.WorkManagerInitializer"
197-->[androidx.work:work-runtime:2.10.0] AndroidManifest.xml:35:17-68
198                android:value="androidx.startup" />
198-->[androidx.work:work-runtime:2.10.0] AndroidManifest.xml:36:17-49
199            <meta-data
199-->[androidx.emoji2:emoji2:1.3.0] AndroidManifest.xml:29:13-31:52
200                android:name="androidx.emoji2.text.EmojiCompatInitializer"
200-->[androidx.emoji2:emoji2:1.3.0] AndroidManifest.xml:30:17-75
201                android:value="androidx.startup" />
201-->[androidx.emoji2:emoji2:1.3.0] AndroidManifest.xml:31:17-49
202            <meta-data
202-->[androidx.lifecycle:lifecycle-process:2.6.2] AndroidManifest.xml:29:13-31:52
203                android:name="androidx.lifecycle.ProcessLifecycleInitializer"
203-->[androidx.lifecycle:lifecycle-process:2.6.2] AndroidManifest.xml:30:17-78
204                android:value="androidx.startup" />
204-->[androidx.lifecycle:lifecycle-process:2.6.2] AndroidManifest.xml:31:17-49
205            <meta-data
205-->[androidx.profileinstaller:profileinstaller:1.3.1] AndroidManifest.xml:29:13-31:52
206                android:name="androidx.profileinstaller.ProfileInstallerInitializer"
206-->[androidx.profileinstaller:profileinstaller:1.3.1] AndroidManifest.xml:30:17-85
207                android:value="androidx.startup" />
207-->[androidx.profileinstaller:profileinstaller:1.3.1] AndroidManifest.xml:31:17-49
208        </provider>
209
210        <service
210-->[androidx.work:work-runtime:2.10.0] AndroidManifest.xml:39:9-45:35
211            android:name="androidx.work.impl.background.systemalarm.SystemAlarmService"
211-->[androidx.work:work-runtime:2.10.0] AndroidManifest.xml:40:13-88
212            android:directBootAware="false"
212-->[androidx.work:work-runtime:2.10.0] AndroidManifest.xml:41:13-44
213            android:enabled="@bool/enable_system_alarm_service_default"
213-->[androidx.work:work-runtime:2.10.0] AndroidManifest.xml:42:13-72
214            android:exported="false" />
214-->[androidx.work:work-runtime:2.10.0] AndroidManifest.xml:43:13-37
215        <service
215-->[androidx.work:work-runtime:2.10.0] AndroidManifest.xml:46:9-52:35
216            android:name="androidx.work.impl.background.systemjob.SystemJobService"
216-->[androidx.work:work-runtime:2.10.0] AndroidManifest.xml:47:13-84
217            android:directBootAware="false"
217-->[androidx.work:work-runtime:2.10.0] AndroidManifest.xml:48:13-44
218            android:enabled="@bool/enable_system_job_service_default"
218-->[androidx.work:work-runtime:2.10.0] AndroidManifest.xml:49:13-70
219            android:exported="true"
219-->[androidx.work:work-runtime:2.10.0] AndroidManifest.xml:50:13-36
220            android:permission="android.permission.BIND_JOB_SERVICE" />
220-->[androidx.work:work-runtime:2.10.0] AndroidManifest.xml:51:13-69
221        <service
221-->[androidx.work:work-runtime:2.10.0] AndroidManifest.xml:53:9-59:35
222            android:name="androidx.work.impl.foreground.SystemForegroundService"
222-->[androidx.work:work-runtime:2.10.0] AndroidManifest.xml:54:13-81
223            android:directBootAware="false"
223-->[androidx.work:work-runtime:2.10.0] AndroidManifest.xml:55:13-44
224            android:enabled="@bool/enable_system_foreground_service_default"
224-->[androidx.work:work-runtime:2.10.0] AndroidManifest.xml:56:13-77
225            android:exported="false" />
225-->[androidx.work:work-runtime:2.10.0] AndroidManifest.xml:57:13-37
226
227        <receiver
227-->[androidx.work:work-runtime:2.10.0] AndroidManifest.xml:61:9-66:35
228            android:name="androidx.work.impl.utils.ForceStopRunnable$BroadcastReceiver"
228-->[androidx.work:work-runtime:2.10.0] AndroidManifest.xml:62:13-88
229            android:directBootAware="false"
229-->[androidx.work:work-runtime:2.10.0] AndroidManifest.xml:63:13-44
230            android:enabled="true"
230-->[androidx.work:work-runtime:2.10.0] AndroidManifest.xml:64:13-35
231            android:exported="false" />
231-->[androidx.work:work-runtime:2.10.0] AndroidManifest.xml:65:13-37
232        <receiver
232-->[androidx.work:work-runtime:2.10.0] AndroidManifest.xml:67:9-77:20
233            android:name="androidx.work.impl.background.systemalarm.ConstraintProxy$BatteryChargingProxy"
233-->[androidx.work:work-runtime:2.10.0] AndroidManifest.xml:68:13-106
234            android:directBootAware="false"
234-->[androidx.work:work-runtime:2.10.0] AndroidManifest.xml:69:13-44
235            android:enabled="false"
235-->[androidx.work:work-runtime:2.10.0] AndroidManifest.xml:70:13-36
236            android:exported="false" >
236-->[androidx.work:work-runtime:2.10.0] AndroidManifest.xml:71:13-37
237            <intent-filter>
237-->[androidx.work:work-runtime:2.10.0] AndroidManifest.xml:73:13-76:29
238                <action android:name="android.intent.action.ACTION_POWER_CONNECTED" />
238-->[androidx.work:work-runtime:2.10.0] AndroidManifest.xml:74:17-87
238-->[androidx.work:work-runtime:2.10.0] AndroidManifest.xml:74:25-84
239                <action android:name="android.intent.action.ACTION_POWER_DISCONNECTED" />
239-->[androidx.work:work-runtime:2.10.0] AndroidManifest.xml:75:17-90
239-->[androidx.work:work-runtime:2.10.0] AndroidManifest.xml:75:25-87
240            </intent-filter>
241        </receiver>
242        <receiver
242-->[androidx.work:work-runtime:2.10.0] AndroidManifest.xml:78:9-88:20
243            android:name="androidx.work.impl.background.systemalarm.ConstraintProxy$BatteryNotLowProxy"
243-->[androidx.work:work-runtime:2.10.0] AndroidManifest.xml:79:13-104
244            android:directBootAware="false"
244-->[androidx.work:work-runtime:2.10.0] AndroidManifest.xml:80:13-44
245            android:enabled="false"
245-->[androidx.work:work-runtime:2.10.0] AndroidManifest.xml:81:13-36
246            android:exported="false" >
246-->[androidx.work:work-runtime:2.10.0] AndroidManifest.xml:82:13-37
247            <intent-filter>
247-->[androidx.work:work-runtime:2.10.0] AndroidManifest.xml:84:13-87:29
248                <action android:name="android.intent.action.BATTERY_OKAY" />
248-->[androidx.work:work-runtime:2.10.0] AndroidManifest.xml:85:17-77
248-->[androidx.work:work-runtime:2.10.0] AndroidManifest.xml:85:25-74
249                <action android:name="android.intent.action.BATTERY_LOW" />
249-->[androidx.work:work-runtime:2.10.0] AndroidManifest.xml:86:17-76
249-->[androidx.work:work-runtime:2.10.0] AndroidManifest.xml:86:25-73
250            </intent-filter>
251        </receiver>
252        <receiver
252-->[androidx.work:work-runtime:2.10.0] AndroidManifest.xml:89:9-99:20
253            android:name="androidx.work.impl.background.systemalarm.ConstraintProxy$StorageNotLowProxy"
253-->[androidx.work:work-runtime:2.10.0] AndroidManifest.xml:90:13-104
254            android:directBootAware="false"
254-->[androidx.work:work-runtime:2.10.0] AndroidManifest.xml:91:13-44
255            android:enabled="false"
255-->[androidx.work:work-runtime:2.10.0] AndroidManifest.xml:92:13-36
256            android:exported="false" >
256-->[androidx.work:work-runtime:2.10.0] AndroidManifest.xml:93:13-37
257            <intent-filter>
257-->[androidx.work:work-runtime:2.10.0] AndroidManifest.xml:95:13-98:29
258                <action android:name="android.intent.action.DEVICE_STORAGE_LOW" />
258-->[androidx.work:work-runtime:2.10.0] AndroidManifest.xml:96:17-83
258-->[androidx.work:work-runtime:2.10.0] AndroidManifest.xml:96:25-80
259                <action android:name="android.intent.action.DEVICE_STORAGE_OK" />
259-->[androidx.work:work-runtime:2.10.0] AndroidManifest.xml:97:17-82
259-->[androidx.work:work-runtime:2.10.0] AndroidManifest.xml:97:25-79
260            </intent-filter>
261        </receiver>
262        <receiver
262-->[androidx.work:work-runtime:2.10.0] AndroidManifest.xml:100:9-109:20
263            android:name="androidx.work.impl.background.systemalarm.ConstraintProxy$NetworkStateProxy"
263-->[androidx.work:work-runtime:2.10.0] AndroidManifest.xml:101:13-103
264            android:directBootAware="false"
264-->[androidx.work:work-runtime:2.10.0] AndroidManifest.xml:102:13-44
265            android:enabled="false"
265-->[androidx.work:work-runtime:2.10.0] AndroidManifest.xml:103:13-36
266            android:exported="false" >
266-->[androidx.work:work-runtime:2.10.0] AndroidManifest.xml:104:13-37
267            <intent-filter>
267-->[androidx.work:work-runtime:2.10.0] AndroidManifest.xml:106:13-108:29
268                <action android:name="android.net.conn.CONNECTIVITY_CHANGE" />
268-->[androidx.work:work-runtime:2.10.0] AndroidManifest.xml:107:17-79
268-->[androidx.work:work-runtime:2.10.0] AndroidManifest.xml:107:25-76
269            </intent-filter>
270        </receiver>
271        <receiver
271-->[androidx.work:work-runtime:2.10.0] AndroidManifest.xml:110:9-121:20
272            android:name="androidx.work.impl.background.systemalarm.RescheduleReceiver"
272-->[androidx.work:work-runtime:2.10.0] AndroidManifest.xml:111:13-88
273            android:directBootAware="false"
273-->[androidx.work:work-runtime:2.10.0] AndroidManifest.xml:112:13-44
274            android:enabled="false"
274-->[androidx.work:work-runtime:2.10.0] AndroidManifest.xml:113:13-36
275            android:exported="false" >
275-->[androidx.work:work-runtime:2.10.0] AndroidManifest.xml:114:13-37
276            <intent-filter>
276-->[androidx.work:work-runtime:2.10.0] AndroidManifest.xml:116:13-120:29
277                <action android:name="android.intent.action.BOOT_COMPLETED" />
277-->[androidx.work:work-runtime:2.10.0] AndroidManifest.xml:117:17-79
277-->[androidx.work:work-runtime:2.10.0] AndroidManifest.xml:117:25-76
278                <action android:name="android.intent.action.TIME_SET" />
278-->[androidx.work:work-runtime:2.10.0] AndroidManifest.xml:118:17-73
278-->[androidx.work:work-runtime:2.10.0] AndroidManifest.xml:118:25-70
279                <action android:name="android.intent.action.TIMEZONE_CHANGED" />
279-->[androidx.work:work-runtime:2.10.0] AndroidManifest.xml:119:17-81
279-->[androidx.work:work-runtime:2.10.0] AndroidManifest.xml:119:25-78
280            </intent-filter>
281        </receiver>
282        <receiver
282-->[androidx.work:work-runtime:2.10.0] AndroidManifest.xml:122:9-131:20
283            android:name="androidx.work.impl.background.systemalarm.ConstraintProxyUpdateReceiver"
283-->[androidx.work:work-runtime:2.10.0] AndroidManifest.xml:123:13-99
284            android:directBootAware="false"
284-->[androidx.work:work-runtime:2.10.0] AndroidManifest.xml:124:13-44
285            android:enabled="@bool/enable_system_alarm_service_default"
285-->[androidx.work:work-runtime:2.10.0] AndroidManifest.xml:125:13-72
286            android:exported="false" >
286-->[androidx.work:work-runtime:2.10.0] AndroidManifest.xml:126:13-37
287            <intent-filter>
287-->[androidx.work:work-runtime:2.10.0] AndroidManifest.xml:128:13-130:29
288                <action android:name="androidx.work.impl.background.systemalarm.UpdateProxies" />
288-->[androidx.work:work-runtime:2.10.0] AndroidManifest.xml:129:17-98
288-->[androidx.work:work-runtime:2.10.0] AndroidManifest.xml:129:25-95
289            </intent-filter>
290        </receiver>
291        <receiver
291-->[androidx.work:work-runtime:2.10.0] AndroidManifest.xml:132:9-142:20
292            android:name="androidx.work.impl.diagnostics.DiagnosticsReceiver"
292-->[androidx.work:work-runtime:2.10.0] AndroidManifest.xml:133:13-78
293            android:directBootAware="false"
293-->[androidx.work:work-runtime:2.10.0] AndroidManifest.xml:134:13-44
294            android:enabled="true"
294-->[androidx.work:work-runtime:2.10.0] AndroidManifest.xml:135:13-35
295            android:exported="true"
295-->[androidx.work:work-runtime:2.10.0] AndroidManifest.xml:136:13-36
296            android:permission="android.permission.DUMP" >
296-->[androidx.work:work-runtime:2.10.0] AndroidManifest.xml:137:13-57
297            <intent-filter>
297-->[androidx.work:work-runtime:2.10.0] AndroidManifest.xml:139:13-141:29
298                <action android:name="androidx.work.diagnostics.REQUEST_DIAGNOSTICS" />
298-->[androidx.work:work-runtime:2.10.0] AndroidManifest.xml:140:17-88